<?xml version="1.0" encoding="UTF-8"?>
<testng-results skipped="0" failed="0" ignored="0" total="3" passed="3">
  <reporter-output>
  </reporter-output>
  <suite name="TestSuite" duration-ms="49061" started-at="2018-03-22T20:55:11Z" finished-at="2018-03-22T20:56:00Z">
    <groups>
    </groups>
    <test name="Searching" duration-ms="49061" started-at="2018-03-22T20:55:11Z" finished-at="2018-03-22T20:56:00Z">
      <class name="tests.GetTitle">
        <test-method status="PASS" signature="setUp()[pri:0, instance:tests.GetTitle@28d25987]" name="setUp" is-config="true" duration-ms="12566" started-at="2018-03-22T20:55:11Z" finished-at="2018-03-22T20:55:24Z">
          <reporter-output>
          </reporter-output>
        </test-method> <!-- setUp -->
        <test-method status="PASS" signature="getTitle()[pri:0, instance:tests.GetTitle@28d25987]" name="getTitle" duration-ms="1954" started-at="2018-03-22T20:55:24Z" finished-at="2018-03-22T20:55:26Z">
          <reporter-output>
          </reporter-output>
        </test-method> <!-- getTitle -->
      </class> <!-- tests.GetTitle -->
      <class name="tests.Search">
        <test-method status="PASS" signature="setUp()[pri:0, instance:tests.Search@4501b7af]" name="setUp" is-config="true" duration-ms="3806" started-at="2018-03-22T20:55:26Z" finished-at="2018-03-22T20:55:30Z">
          <reporter-output>
          </reporter-output>
        </test-method> <!-- setUp -->
        <test-method status="PASS" signature="search()[pri:0, instance:tests.Search@4501b7af]" name="search" duration-ms="3886" started-at="2018-03-22T20:55:30Z" finished-at="2018-03-22T20:55:34Z">
          <reporter-output>
          </reporter-output>
        </test-method> <!-- search -->
      </class> <!-- tests.Search -->
      <class name="tests.ClickFirstEntry">
        <test-method status="PASS" signature="setUp()[pri:0, instance:tests.ClickFirstEntry@523884b2]" name="setUp" is-config="true" duration-ms="5964" started-at="2018-03-22T20:55:34Z" finished-at="2018-03-22T20:55:40Z">
          <reporter-output>
          </reporter-output>
        </test-method> <!-- setUp -->
        <test-method status="PASS" signature="search()[pri:0, instance:tests.ClickFirstEntry@523884b2]" name="search" duration-ms="20801" started-at="2018-03-22T20:55:40Z" finished-at="2018-03-22T20:56:00Z">
          <reporter-output>
          </reporter-output>
        </test-method> <!-- search -->
        <test-method status="PASS" signature="cleanUp()[pri:0, instance:tests.GetTitle@28d25987]" name="cleanUp" is-config="true" duration-ms="1" started-at="2018-03-22T20:56:00Z" finished-at="2018-03-22T20:56:00Z">
          <reporter-output>
          </reporter-output>
        </test-method> <!-- cleanUp -->
        <test-method status="PASS" signature="cleanUp()[pri:0, instance:tests.ClickFirstEntry@523884b2]" name="cleanUp" is-config="true" duration-ms="0" started-at="2018-03-22T20:56:00Z" finished-at="2018-03-22T20:56:00Z">
          <reporter-output>
          </reporter-output>
        </test-method> <!-- cleanUp -->
        <test-method status="PASS" signature="cleanUp()[pri:0, instance:tests.Search@4501b7af]" name="cleanUp" is-config="true" duration-ms="0" started-at="2018-03-22T20:56:00Z" finished-at="2018-03-22T20:56:00Z">
          <reporter-output>
          </reporter-output>
        </test-method> <!-- cleanUp -->
      </class> <!-- tests.ClickFirstEntry -->
    </test> <!-- Searching -->
  </suite> <!-- TestSuite -->
</testng-results>
