<?xml version="1.0" encoding="UTF-8"?>
<!-- Generated by org.testng.reporters.JUnitXMLReporter -->
<testsuite hostname="Ezequiels-MacBook-Pro.local" ignored="0" name="Searching" tests="3" failures="0" timestamp="22 Mar 2018 20:56:01 GMT" time="49.061" errors="0">
  <testcase name="getTitle" time="1.954" classname="tests.GetTitle"/>
  <testcase name="search" time="3.886" classname="tests.Search"/>
  <testcase name="search" time="20.801" classname="tests.ClickFirstEntry"/>
</testsuite> <!-- Searching -->
